# JRE version: OpenJDK Runtime Environment (8.0_242-b01) (build 1.8.0_242-release-1644-b01)
# Java VM: OpenJDK 64-Bit Server VM (25.242-b01 mixed mode windows-amd64 compressed oops)
Heap:
 PSYoungGen      total 230400K, used 125894K [0x00000000e0000000, 0x00000000ef700000, 0x0000000100000000)
  eden space 210944K, 54% used [0x00000000e0000000,0x00000000e701a928,0x00000000ece00000)
  from space 19456K, 57% used [0x00000000ee400000,0x00000000eeed7180,0x00000000ef700000)
  to   space 20992K, 0% used [0x00000000ece00000,0x00000000ece00000,0x00000000ee280000)
 ParOldGen       total 139776K, used 56702K [0x00000000a0000000, 0x00000000a8880000, 0x00000000e0000000)
  object space 139776K, 40% used [0x00000000a0000000,0x00000000a375f868,0x00000000a8880000)
 Metaspace       used 73960K, capacity 77228K, committed 77336K, reserved 1116160K
  class space    used 10053K, capacity 10768K, committed 10800K, reserved 1048576K
GC Heap History (10 events):
Event: 7.575 GC heap before
{Heap before GC invocations=13 (full 2):
 PSYoungGen      total 148480K, used 148452K [0x00000000e0000000, 0x00000000ea800000, 0x0000000100000000)
  eden space 136704K, 100% used [0x00000000e0000000,0x00000000e8580000,0x00000000e8580000)
  from space 11776K, 99% used [0x00000000e9c80000,0x00000000ea7f92b8,0x00000000ea800000)
  to   space 13312K, 0% used [0x00000000e8e00000,0x00000000e8e00000,0x00000000e9b00000)
 ParOldGen       total 89600K, used 15789K [0x00000000a0000000, 0x00000000a5780000, 0x00000000e0000000)
  object space 89600K, 17% used [0x00000000a0000000,0x00000000a0f6b4e8,0x00000000a5780000)
 Metaspace       used 52619K, capacity 54696K, committed 54952K, reserved 1097728K
  class space    used 6985K, capacity 7475K, committed 7600K, reserved 1048576K
Event: 7.600 GC heap after
Heap after GC invocations=13 (full 2):
 PSYoungGen      total 158720K, used 13291K [0x00000000e0000000, 0x00000000ece00000, 0x0000000100000000)
  eden space 145408K, 0% used [0x00000000e0000000,0x00000000e0000000,0x00000000e8e00000)
  from space 13312K, 99% used [0x00000000e8e00000,0x00000000e9afaea0,0x00000000e9b00000)
  to   space 17920K, 0% used [0x00000000ebc80000,0x00000000ebc80000,0x00000000ece00000)
 ParOldGen       total 89600K, used 24073K [0x00000000a0000000, 0x00000000a5780000, 0x00000000e0000000)
  object space 89600K, 26% used [0x00000000a0000000,0x00000000a17827c8,0x00000000a5780000)
 Metaspace       used 52619K, capacity 54696K, committed 54952K, reserved 1097728K
  class space    used 6985K, capacity 7475K, committed 7600K, reserved 1048576K
}
Event: 8.372 GC heap before
{Heap before GC invocations=14 (full 2):
 PSYoungGen      total 158720K, used 59791K [0x00000000e0000000, 0x00000000ece00000, 0x0000000100000000)
  eden space 145408K, 31% used [0x00000000e0000000,0x00000000e2d68fb0,0x00000000e8e00000)
  from space 13312K, 99% used [0x00000000e8e00000,0x00000000e9afaea0,0x00000000e9b00000)
  to   space 17920K, 0% used [0x00000000ebc80000,0x00000000ebc80000,0x00000000ece00000)
 ParOldGen       total 89600K, used 24073K [0x00000000a0000000, 0x00000000a5780000, 0x00000000e0000000)
  object space 89600K, 26% used [0x00000000a0000000,0x00000000a17827c8,0x00000000a5780000)
 Metaspace       used 56772K, capacity 59082K, committed 59160K, reserved 1099776K
  class space    used 7659K, capacity 8164K, committed 8240K, reserved 1048576K
Event: 8.387 GC heap after
Heap after GC invocations=14 (full 2):
 PSYoungGen      total 193536K, used 6969K [0x00000000e0000000, 0x00000000ed800000, 0x0000000100000000)
  eden space 175616K, 0% used [0x00000000e0000000,0x00000000e0000000,0x00000000eab80000)
  from space 17920K, 38% used [0x00000000ebc80000,0x00000000ec34e710,0x00000000ece00000)
  to   space 17408K, 0% used [0x00000000eab80000,0x00000000eab80000,0x00000000ebc80000)
 ParOldGen       total 89600K, used 33541K [0x00000000a0000000, 0x00000000a5780000, 0x00000000e0000000)
  object space 89600K, 37% used [0x00000000a0000000,0x00000000a20c1498,0x00000000a5780000)
 Metaspace       used 56772K, capacity 59082K, committed 59160K, reserved 1099776K
  class space    used 7659K, capacity 8164K, committed 8240K, reserved 1048576K
}
Event: 8.387 GC heap before
{Heap before GC invocations=15 (full 3):
 PSYoungGen      total 193536K, used 6969K [0x00000000e0000000, 0x00000000ed800000, 0x0000000100000000)
  eden space 175616K, 0% used [0x00000000e0000000,0x00000000e0000000,0x00000000eab80000)
  from space 17920K, 38% used [0x00000000ebc80000,0x00000000ec34e710,0x00000000ece00000)
  to   space 17408K, 0% used [0x00000000eab80000,0x00000000eab80000,0x00000000ebc80000)
 ParOldGen       total 89600K, used 33541K [0x00000000a0000000, 0x00000000a5780000, 0x00000000e0000000)
  object space 89600K, 37% used [0x00000000a0000000,0x00000000a20c1498,0x00000000a5780000)
 Metaspace       used 56772K, capacity 59082K, committed 59160K, reserved 1099776K
  class space    used 7659K, capacity 8164K, committed 8240K, reserved 1048576K
Event: 8.597 GC heap after
Heap after GC invocations=15 (full 3):
 PSYoungGen      total 193536K, used 0K [0x00000000e0000000, 0x00000000ed800000, 0x0000000100000000)
  eden space 175616K, 0% used [0x00000000e0000000,0x00000000e0000000,0x00000000eab80000)
  from space 17920K, 0% used [0x00000000ebc80000,0x00000000ebc80000,0x00000000ece00000)
  to   space 17408K, 0% used [0x00000000eab80000,0x00000000eab80000,0x00000000ebc80000)
 ParOldGen       total 139776K, used 34633K [0x00000000a0000000, 0x00000000a8880000, 0x00000000e0000000)
  object space 139776K, 24% used [0x00000000a0000000,0x00000000a21d26e8,0x00000000a8880000)
 Metaspace       used 56764K, capacity 59058K, committed 59160K, reserved 1099776K
  class space    used 7657K, capacity 8160K, committed 8240K, reserved 1048576K
}
Event: 10.789 GC heap before
{Heap before GC invocations=16 (full 3):
 PSYoungGen      total 193536K, used 175616K [0x00000000e0000000, 0x00000000ed800000, 0x0000000100000000)
  eden space 175616K, 100% used [0x00000000e0000000,0x00000000eab80000,0x00000000eab80000)
  from space 17920K, 0% used [0x00000000ebc80000,0x00000000ebc80000,0x00000000ece00000)
  to   space 17408K, 0% used [0x00000000eab80000,0x00000000eab80000,0x00000000ebc80000)
 ParOldGen       total 139776K, used 34633K [0x00000000a0000000, 0x00000000a8880000, 0x00000000e0000000)
  object space 139776K, 24% used [0x00000000a0000000,0x00000000a21d26e8,0x00000000a8880000)
 Metaspace       used 65291K, capacity 68126K, committed 68248K, reserved 1107968K
  class space    used 8905K, capacity 9545K, committed 9648K, reserved 1048576K
Event: 10.809 GC heap after
Heap after GC invocations=16 (full 3):
 PSYoungGen      total 193024K, used 17397K [0x00000000e0000000, 0x00000000ef980000, 0x0000000100000000)
  eden space 175616K, 0% used [0x00000000e0000000,0x00000000e0000000,0x00000000eab80000)
  from space 17408K, 99% used [0x00000000eab80000,0x00000000ebc7d4d0,0x00000000ebc80000)
  to   space 22016K, 0% used [0x00000000ee400000,0x00000000ee400000,0x00000000ef980000)
 ParOldGen       total 139776K, used 40672K [0x00000000a0000000, 0x00000000a8880000, 0x00000000e0000000)
  object space 139776K, 29% used [0x00000000a0000000,0x00000000a27b8040,0x00000000a8880000)
 Metaspace       used 65291K, capacity 68126K, committed 68248K, reserved 1107968K
  class space    used 8905K, capacity 9545K, committed 9648K, reserved 1048576K
}
Event: 12.523 GC heap before
{Heap before GC invocations=17 (full 3):
 PSYoungGen      total 193024K, used 193013K [0x00000000e0000000, 0x00000000ef980000, 0x0000000100000000)
  eden space 175616K, 100% used [0x00000000e0000000,0x00000000eab80000,0x00000000eab80000)
  from space 17408K, 99% used [0x00000000eab80000,0x00000000ebc7d4d0,0x00000000ebc80000)
  to   space 22016K, 0% used [0x00000000ee400000,0x00000000ee400000,0x00000000ef980000)
 ParOldGen       total 139776K, used 40672K [0x00000000a0000000, 0x00000000a8880000, 0x00000000e0000000)
  object space 139776K, 29% used [0x00000000a0000000,0x00000000a27b8040,0x00000000a8880000)
 Metaspace       used 67529K, capacity 70630K, committed 70808K, reserved 1110016K
  class space    used 9161K, capacity 9839K, committed 9904K, reserved 1048576K
Event: 12.549 GC heap after
Heap after GC invocations=17 (full 3):
 PSYoungGen      total 230400K, used 11100K [0x00000000e0000000, 0x00000000ef700000, 0x0000000100000000)
  eden space 210944K, 0% used [0x00000000e0000000,0x00000000e0000000,0x00000000ece00000)
  from space 19456K, 57% used [0x00000000ee400000,0x00000000eeed7180,0x00000000ef700000)
  to   space 20992K, 0% used [0x00000000ece00000,0x00000000ece00000,0x00000000ee280000)
 ParOldGen       total 139776K, used 56702K [0x00000000a0000000, 0x00000000a8880000, 0x00000000e0000000)
  object space 139776K, 40% used [0x00000000a0000000,0x00000000a375f868,0x00000000a8880000)
 Metaspace       used 67529K, capacity 70630K, committed 70808K, reserved 1110016K
  class space    used 9161K, capacity 9839K, committed 9904K, reserved 1048576K
}

