# JRE version: OpenJDK Runtime Environment (8.0_242-b01) (build 1.8.0_242-release-1644-b01)
# Java VM: OpenJDK 64-Bit Server VM (25.242-b01 mixed mode windows-amd64 compressed oops)
Heap:
 PSYoungGen      total 389120K, used 77300K [0x00000000e0000000, 0x00000000fa680000, 0x0000000100000000)
  eden space 358912K, 21% used [0x00000000e0000000,0x00000000e4b7d258,0x00000000f5e80000)
  from space 30208K, 0% used [0x00000000f6d80000,0x00000000f6d80000,0x00000000f8b00000)
  to   space 28160K, 0% used [0x00000000f8b00000,0x00000000f8b00000,0x00000000fa680000)
 ParOldGen       total 215552K, used 82428K [0x00000000a0000000, 0x00000000ad280000, 0x00000000e0000000)
  object space 215552K, 38% used [0x00000000a0000000,0x00000000a507f2a8,0x00000000ad280000)
 Metaspace       used 94305K, capacity 99868K, committed 100120K, reserved 1136640K
  class space    used 12441K, capacity 13525K, committed 13616K, reserved 1048576K
GC Heap History (10 events):
Event: 941.711 GC heap before
{Heap before GC invocations=19 (full 3):
 PSYoungGen      total 293376K, used 284979K [0x00000000e0000000, 0x00000000f8280000, 0x0000000100000000)
  eden space 269824K, 100% used [0x00000000e0000000,0x00000000f0780000,0x00000000f0780000)
  from space 23552K, 64% used [0x00000000f0780000,0x00000000f164cc00,0x00000000f1e80000)
  to   space 24064K, 0% used [0x00000000f6b00000,0x00000000f6b00000,0x00000000f8280000)
 ParOldGen       total 122368K, used 67949K [0x00000000a0000000, 0x00000000a7780000, 0x00000000e0000000)
  object space 122368K, 55% used [0x00000000a0000000,0x00000000a425b508,0x00000000a7780000)
 Metaspace       used 83581K, capacity 87620K, committed 87704K, reserved 1124352K
  class space    used 11069K, capacity 11868K, committed 11952K, reserved 1048576K
Event: 941.750 GC heap after
Heap after GC invocations=19 (full 3):
 PSYoungGen      total 360448K, used 24060K [0x00000000e0000000, 0x00000000f8c80000, 0x0000000100000000)
  eden space 336384K, 0% used [0x00000000e0000000,0x00000000e0000000,0x00000000f4880000)
  from space 24064K, 99% used [0x00000000f6b00000,0x00000000f827f298,0x00000000f8280000)
  to   space 34816K, 0% used [0x00000000f4880000,0x00000000f4880000,0x00000000f6a80000)
 ParOldGen       total 122368K, used 87364K [0x00000000a0000000, 0x00000000a7780000, 0x00000000e0000000)
  object space 122368K, 71% used [0x00000000a0000000,0x00000000a5551008,0x00000000a7780000)
 Metaspace       used 83581K, capacity 87620K, committed 87704K, reserved 1124352K
  class space    used 11069K, capacity 11868K, committed 11952K, reserved 1048576K
}
Event: 1188.256 GC heap before
{Heap before GC invocations=20 (full 3):
 PSYoungGen      total 360448K, used 360444K [0x00000000e0000000, 0x00000000f8c80000, 0x0000000100000000)
  eden space 336384K, 100% used [0x00000000e0000000,0x00000000f4880000,0x00000000f4880000)
  from space 24064K, 99% used [0x00000000f6b00000,0x00000000f827f298,0x00000000f8280000)
  to   space 34816K, 0% used [0x00000000f4880000,0x00000000f4880000,0x00000000f6a80000)
 ParOldGen       total 122368K, used 87364K [0x00000000a0000000, 0x00000000a7780000, 0x00000000e0000000)
  object space 122368K, 71% used [0x00000000a0000000,0x00000000a5551008,0x00000000a7780000)
 Metaspace       used 85521K, capacity 89816K, committed 90008K, reserved 1126400K
  class space    used 11295K, capacity 12146K, committed 12208K, reserved 1048576K
Event: 1188.295 GC heap after
Heap after GC invocations=20 (full 3):
 PSYoungGen      total 371200K, used 18538K [0x00000000e0000000, 0x00000000fb880000, 0x0000000100000000)
  eden space 336384K, 0% used [0x00000000e0000000,0x00000000e0000000,0x00000000f4880000)
  from space 34816K, 53% used [0x00000000f4880000,0x00000000f5a9ab10,0x00000000f6a80000)
  to   space 34304K, 0% used [0x00000000f9700000,0x00000000f9700000,0x00000000fb880000)
 ParOldGen       total 122368K, used 97946K [0x00000000a0000000, 0x00000000a7780000, 0x00000000e0000000)
  object space 122368K, 80% used [0x00000000a0000000,0x00000000a5fa6930,0x00000000a7780000)
 Metaspace       used 85521K, capacity 89816K, committed 90008K, reserved 1126400K
  class space    used 11295K, capacity 12146K, committed 12208K, reserved 1048576K
}
Event: 1289.125 GC heap before
{Heap before GC invocations=21 (full 3):
 PSYoungGen      total 371200K, used 354922K [0x00000000e0000000, 0x00000000fb880000, 0x0000000100000000)
  eden space 336384K, 100% used [0x00000000e0000000,0x00000000f4880000,0x00000000f4880000)
  from space 34816K, 53% used [0x00000000f4880000,0x00000000f5a9ab10,0x00000000f6a80000)
  to   space 34304K, 0% used [0x00000000f9700000,0x00000000f9700000,0x00000000fb880000)
 ParOldGen       total 122368K, used 97946K [0x00000000a0000000, 0x00000000a7780000, 0x00000000e0000000)
  object space 122368K, 80% used [0x00000000a0000000,0x00000000a5fa6930,0x00000000a7780000)
 Metaspace       used 86190K, capacity 90764K, committed 90904K, reserved 1128448K
  class space    used 11353K, capacity 12238K, committed 12336K, reserved 1048576K
Event: 1289.142 GC heap after
Heap after GC invocations=21 (full 3):
 PSYoungGen      total 398336K, used 17344K [0x00000000e0000000, 0x00000000fae80000, 0x0000000100000000)
  eden space 374272K, 0% used [0x00000000e0000000,0x00000000e0000000,0x00000000f6d80000)
  from space 24064K, 72% used [0x00000000f9700000,0x00000000fa7f0000,0x00000000fae80000)
  to   space 33280K, 0% used [0x00000000f6d80000,0x00000000f6d80000,0x00000000f8e00000)
 ParOldGen       total 122368K, used 97954K [0x00000000a0000000, 0x00000000a7780000, 0x00000000e0000000)
  object space 122368K, 80% used [0x00000000a0000000,0x00000000a5fa8930,0x00000000a7780000)
 Metaspace       used 86190K, capacity 90764K, committed 90904K, reserved 1128448K
  class space    used 11353K, capacity 12238K, committed 12336K, reserved 1048576K
}
Event: 1306.680 GC heap before
{Heap before GC invocations=22 (full 3):
 PSYoungGen      total 398336K, used 391616K [0x00000000e0000000, 0x00000000fae80000, 0x0000000100000000)
  eden space 374272K, 100% used [0x00000000e0000000,0x00000000f6d80000,0x00000000f6d80000)
  from space 24064K, 72% used [0x00000000f9700000,0x00000000fa7f0000,0x00000000fae80000)
  to   space 33280K, 0% used [0x00000000f6d80000,0x00000000f6d80000,0x00000000f8e00000)
 ParOldGen       total 122368K, used 97954K [0x00000000a0000000, 0x00000000a7780000, 0x00000000e0000000)
  object space 122368K, 80% used [0x00000000a0000000,0x00000000a5fa8930,0x00000000a7780000)
 Metaspace       used 92845K, capacity 98532K, committed 98584K, reserved 1134592K
  class space    used 12267K, capacity 13347K, committed 13360K, reserved 1048576K
Event: 1306.714 GC heap after
Heap after GC invocations=22 (full 3):
 PSYoungGen      total 389120K, used 29858K [0x00000000e0000000, 0x00000000fa680000, 0x0000000100000000)
  eden space 358912K, 0% used [0x00000000e0000000,0x00000000e0000000,0x00000000f5e80000)
  from space 30208K, 98% used [0x00000000f6d80000,0x00000000f8aa8a00,0x00000000f8b00000)
  to   space 28160K, 0% used [0x00000000f8b00000,0x00000000f8b00000,0x00000000fa680000)
 ParOldGen       total 122368K, used 97962K [0x00000000a0000000, 0x00000000a7780000, 0x00000000e0000000)
  object space 122368K, 80% used [0x00000000a0000000,0x00000000a5faa930,0x00000000a7780000)
 Metaspace       used 92845K, capacity 98532K, committed 98584K, reserved 1134592K
  class space    used 12267K, capacity 13347K, committed 13360K, reserved 1048576K
}
Event: 1306.714 GC heap before
{Heap before GC invocations=23 (full 4):
 PSYoungGen      total 389120K, used 29858K [0x00000000e0000000, 0x00000000fa680000, 0x0000000100000000)
  eden space 358912K, 0% used [0x00000000e0000000,0x00000000e0000000,0x00000000f5e80000)
  from space 30208K, 98% used [0x00000000f6d80000,0x00000000f8aa8a00,0x00000000f8b00000)
  to   space 28160K, 0% used [0x00000000f8b00000,0x00000000f8b00000,0x00000000fa680000)
 ParOldGen       total 122368K, used 97962K [0x00000000a0000000, 0x00000000a7780000, 0x00000000e0000000)
  object space 122368K, 80% used [0x00000000a0000000,0x00000000a5faa930,0x00000000a7780000)
 Metaspace       used 92845K, capacity 98532K, committed 98584K, reserved 1134592K
  class space    used 12267K, capacity 13347K, committed 13360K, reserved 1048576K
Event: 1306.967 GC heap after
Heap after GC invocations=23 (full 4):
 PSYoungGen      total 389120K, used 0K [0x00000000e0000000, 0x00000000fa680000, 0x0000000100000000)
  eden space 358912K, 0% used [0x00000000e0000000,0x00000000e0000000,0x00000000f5e80000)
  from space 30208K, 0% used [0x00000000f6d80000,0x00000000f6d80000,0x00000000f8b00000)
  to   space 28160K, 0% used [0x00000000f8b00000,0x00000000f8b00000,0x00000000fa680000)
 ParOldGen       total 215552K, used 82428K [0x00000000a0000000, 0x00000000ad280000, 0x00000000e0000000)
  object space 215552K, 38% used [0x00000000a0000000,0x00000000a507f2a8,0x00000000ad280000)
 Metaspace       used 92768K, capacity 98306K, committed 98584K, reserved 1134592K
  class space    used 12243K, capacity 13304K, committed 13360K, reserved 1048576K
}

